\BOOKMARK [0][-]{chapter*.3}{Introducci\363n}{}% 1
\BOOKMARK [0][-]{chapter.1}{Objetivos}{}% 2
\BOOKMARK [0][-]{chapter.2}{Herramientas de Desarrollo utilizadas}{}% 3
\BOOKMARK [1][-]{section.2.1}{Android Studio}{chapter.2}% 4
\BOOKMARK [1][-]{section.2.2}{Balsamic Mock Up}{chapter.2}% 5
\BOOKMARK [1][-]{section.2.3}{Eclipse + extensi\363n ADT}{chapter.2}% 6
\BOOKMARK [1][-]{section.2.4}{LaTex}{chapter.2}% 7
\BOOKMARK [1][-]{section.2.5}{Github}{chapter.2}% 8
\BOOKMARK [1][-]{section.2.6}{Aruba Editor}{chapter.2}% 9
\BOOKMARK [0][-]{chapter.3}{Tecnolog\355as}{}% 10
\BOOKMARK [1][-]{section.3.1}{Beacons}{chapter.3}% 11
\BOOKMARK [2][-]{subsection.3.1.1}{\277Qu\351 es un Beacon?}{section.3.1}% 12
\BOOKMARK [2][-]{subsection.3.1.2}{\277Como funcionan estos dispositivos?}{section.3.1}% 13
\BOOKMARK [2][-]{subsection.3.1.3}{\277Qu\351 rango de alcance poseen?}{section.3.1}% 14
\BOOKMARK [2][-]{subsection.3.1.4}{\277Con qu\351 dispositivos funcionan?}{section.3.1}% 15
\BOOKMARK [2][-]{subsection.3.1.5}{\277Qu\351 ventajas y desventajas tienen con respecto a otras tecnolog\355as?}{section.3.1}% 16
\BOOKMARK [2][-]{subsection.3.1.6}{\277Qu\351 usos se le ha dado a esta tecnolog\355a hasta ahora?}{section.3.1}% 17
\BOOKMARK [2][-]{subsection.3.1.7}{\277Qu\351 empresas trabajan con esta tecnolog\355a?}{section.3.1}% 18
\BOOKMARK [0][-]{chapter.4}{La aplicaci\363n BulletPoint}{}% 19
\BOOKMARK [1][-]{section.4.1}{Aplicaciones m\363viles en entornos universitarios}{chapter.4}% 20
\BOOKMARK [1][-]{section.4.2}{Posibles casos de uso de la tecnolog\355a beacon en entornos universitarios}{chapter.4}% 21
\BOOKMARK [2][-]{subsection.4.2.1}{Gu\355a a trav\351s del Campus de la Universidad}{section.4.2}% 22
\BOOKMARK [2][-]{subsection.4.2.2}{Descarga autom\341tica de material}{section.4.2}% 23
\BOOKMARK [2][-]{subsection.4.2.3}{Acceso al parking y conteo de n\372mero de veh\355culos estacionados}{section.4.2}% 24
\BOOKMARK [2][-]{subsection.4.2.4}{Gesti\363n de eventos e informaci\363n, entrada autom\341tica}{section.4.2}% 25
\BOOKMARK [2][-]{subsection.4.2.5}{Despacho del profesorado e informaci\363n}{section.4.2}% 26
\BOOKMARK [2][-]{subsection.4.2.6}{Informaci\363n y descuentos para usuarios de la APP}{section.4.2}% 27
\BOOKMARK [2][-]{subsection.4.2.7}{Control de asistencia}{section.4.2}% 28
\BOOKMARK [2][-]{subsection.4.2.8}{Control de acceso a instalaciones}{section.4.2}% 29
\BOOKMARK [2][-]{subsection.4.2.9}{Biblioteca Informativa}{section.4.2}% 30
\BOOKMARK [2][-]{subsection.4.2.10}{Actividades interactivas por el Campus, jornadas de acogida u otros eventos}{section.4.2}% 31
\BOOKMARK [1][-]{section.4.3}{4 Casos de uso elegidos}{chapter.4}% 32
\BOOKMARK [1][-]{section.4.4}{Despliegue}{chapter.4}% 33
\BOOKMARK [0][-]{section.4.4}{Bibliograf\355a}{}% 34
